{"obj": {"type": "AssignString", "path": ["sys", "description"], "value": ""}, "version": 1, "at": 1719551124.6085415}
{"obj": {"type": "AssignString", "path": ["monitoring", "ff94b231", "hostname"], "value": "notch103"}, "version": 2, "at": 1719551124.6105096}
{"obj": {"type": "AssignString", "path": ["sys", "hostname"], "value": "notch103"}, "version": 3, "at": 1719551124.6120412}
{"obj": {"type": "AssignString", "path": ["monitoring", "ff94b231", "pid"], "value": "2256359"}, "version": 4, "at": 1719551124.6137047}
{"obj": {"type": "AssignString", "path": ["monitoring", "ff94b231", "tid"], "value": "23086418097984"}, "version": 5, "at": 1719551124.615281}
{"obj": {"type": "AddStrings", "path": ["sys", "tags"], "values": ["segmentation", "training", "unet"]}, "version": 6, "at": 1719551124.6169715}
{"obj": {"type": "AssignBool", "path": ["sys", "failed"], "value": false}, "version": 7, "at": 1719551124.6184165}
{"obj": {"type": "ClearStringLog", "path": ["monitoring", "ff94b231", "stdout"]}, "version": 8, "at": 1719551124.6198905}
{"obj": {"type": "ClearStringLog", "path": ["monitoring", "ff94b231", "stderr"]}, "version": 9, "at": 1719551124.6213477}
{"obj": {"type": "AssignString", "path": ["source_code", "entrypoint"], "value": "train.py"}, "version": 10, "at": 1719551124.6232238}
{"obj": {"type": "UploadFileSet", "path": ["source_code", "files"], "file_globs": ["/uufs/chpc.utah.edu/common/home/u0977428/ml_models/unet_2/train.py"], "reset": "False"}, "version": 11, "at": 1719551124.6248357}
{"obj": {"type": "UploadFile", "path": ["source_code", "diff"], "ext": "patch", "file_path": null, "tmp_file_name": "source_code_diff-1719551124.728762-2024-06-27_23.05.24.728762.patch", "clean_after_upload": false}, "version": 12, "at": 1719551124.7323654}
{"obj": {"type": "ConfigFloatSeries", "path": ["monitoring", "ff94b231", "cpu"], "min": 0.0, "max": 100.0, "unit": "%"}, "version": 13, "at": 1719551124.749224}
{"obj": {"type": "ClearFloatLog", "path": ["monitoring", "ff94b231", "cpu"]}, "version": 14, "at": 1719551124.7511125}
{"obj": {"type": "ConfigFloatSeries", "path": ["monitoring", "ff94b231", "memory"], "min": 0.0, "max": 376.5478401184082, "unit": "GB"}, "version": 15, "at": 1719551124.7537057}
{"obj": {"type": "ClearFloatLog", "path": ["monitoring", "ff94b231", "memory"]}, "version": 16, "at": 1719551124.7553196}
{"obj": {"type": "ConfigFloatSeries", "path": ["monitoring", "ff94b231", "gpu"], "min": 0.0, "max": 100.0, "unit": "%"}, "version": 17, "at": 1719551124.7569544}
{"obj": {"type": "ClearFloatLog", "path": ["monitoring", "ff94b231", "gpu"]}, "version": 18, "at": 1719551124.7585268}
{"obj": {"type": "ConfigFloatSeries", "path": ["monitoring", "ff94b231", "gpu_memory"], "min": 0.0, "max": 11.0, "unit": "GB"}, "version": 19, "at": 1719551124.7600837}
{"obj": {"type": "ClearFloatLog", "path": ["monitoring", "ff94b231", "gpu_memory"]}, "version": 20, "at": 1719551124.7614644}
{"obj": {"type": "LogFloats", "path": ["monitoring", "ff94b231", "memory"], "values": [{"value": 14.167510986328125, "step": null, "ts": 1719551124.7631881}]}, "version": 21, "at": 1719551124.7674756}
{"obj": {"type": "LogFloats", "path": ["monitoring", "ff94b231", "gpu_memory"], "values": [{"value": 0.25714111328125, "step": null, "ts": 1719551124.7631881}]}, "version": 22, "at": 1719551124.769098}
{"obj": {"type": "AssignString", "path": ["source_code", "integrations", "pytorch-lightning"], "value": "2.2.5"}, "version": 23, "at": 1719551126.1482196}
{"obj": {"type": "AssignInt", "path": ["training", "hyperparams", "batch_size"], "value": 32}, "version": 24, "at": 1719551126.466069}
{"obj": {"type": "AssignInt", "path": ["training", "hyperparams", "n_workers"], "value": 4}, "version": 25, "at": 1719551126.4680784}
{"obj": {"type": "LogStrings", "path": ["monitoring", "ff94b231", "stdout"], "values": [{"value": "\rSanity Checking: |                                                                                                                                                                             | 0/? [00:00<?, ?it/s]", "step": null, "ts": 1719551126.4800954}]}, "version": 26, "at": 1719551126.4801688}
{"obj": {"type": "LogFloats", "path": ["monitoring", "ff94b231", "cpu"], "values": [{"value": 40.7, "step": null, "ts": 1719551126.5323875}]}, "version": 27, "at": 1719551126.545732}
{"obj": {"type": "LogFloats", "path": ["monitoring", "ff94b231", "memory"], "values": [{"value": 14.305980682373047, "step": null, "ts": 1719551126.5323875}]}, "version": 28, "at": 1719551126.5569103}
{"obj": {"type": "LogFloats", "path": ["monitoring", "ff94b231", "gpu_memory"], "values": [{"value": 0.56378173828125, "step": null, "ts": 1719551126.5323875}]}, "version": 29, "at": 1719551126.581515}
{"obj": {"type": "LogFloats", "path": ["monitoring", "ff94b231", "cpu"], "values": [{"value": 44.1, "step": null, "ts": 1719551126.8860817}]}, "version": 30, "at": 1719551126.9165406}
{"obj": {"type": "LogFloats", "path": ["monitoring", "ff94b231", "memory"], "values": [{"value": 14.326515197753906, "step": null, "ts": 1719551126.8860817}]}, "version": 31, "at": 1719551126.9395912}
{"obj": {"type": "LogFloats", "path": ["monitoring", "ff94b231", "gpu"], "values": [{"value": 2.0, "step": null, "ts": 1719551126.8860817}]}, "version": 32, "at": 1719551126.9665895}
{"obj": {"type": "LogFloats", "path": ["monitoring", "ff94b231", "gpu_memory"], "values": [{"value": 0.56378173828125, "step": null, "ts": 1719551126.8860817}]}, "version": 33, "at": 1719551126.9840174}
{"obj": {"type": "LogFloats", "path": ["monitoring", "ff94b231", "cpu"], "values": [{"value": 43.2, "step": null, "ts": 1719551127.2432215}]}, "version": 34, "at": 1719551127.260186}
{"obj": {"type": "LogFloats", "path": ["monitoring", "ff94b231", "memory"], "values": [{"value": 14.342945098876953, "step": null, "ts": 1719551127.2432215}]}, "version": 35, "at": 1719551127.2691936}
{"obj": {"type": "LogFloats", "path": ["monitoring", "ff94b231", "gpu"], "values": [{"value": 2.0, "step": null, "ts": 1719551127.2432215}]}, "version": 36, "at": 1719551127.2905908}
{"obj": {"type": "LogFloats", "path": ["monitoring", "ff94b231", "gpu_memory"], "values": [{"value": 0.56378173828125, "step": null, "ts": 1719551127.2432215}]}, "version": 37, "at": 1719551127.308059}
{"obj": {"type": "LogFloats", "path": ["monitoring", "ff94b231", "cpu"], "values": [{"value": 43.6, "step": null, "ts": 1719551127.635175}]}, "version": 38, "at": 1719551127.6583488}
{"obj": {"type": "LogFloats", "path": ["monitoring", "ff94b231", "memory"], "values": [{"value": 14.359973907470703, "step": null, "ts": 1719551127.635175}]}, "version": 39, "at": 1719551127.6819706}
{"obj": {"type": "LogFloats", "path": ["monitoring", "ff94b231", "gpu"], "values": [{"value": 2.0, "step": null, "ts": 1719551127.635175}]}, "version": 40, "at": 1719551127.7045715}
{"obj": {"type": "LogFloats", "path": ["monitoring", "ff94b231", "gpu_memory"], "values": [{"value": 0.56378173828125, "step": null, "ts": 1719551127.635175}]}, "version": 41, "at": 1719551127.7198315}
{"obj": {"type": "LogStrings", "path": ["monitoring", "ff94b231", "stdout"], "values": [{"value": "\rSanity Checking:   0%|                                                                                                                                                                         | 0/2 [00:00<?, ?it/s]", "step": null, "ts": 1719551128.8311555}]}, "version": 42, "at": 1719551128.8312974}
{"obj": {"type": "LogStrings", "path": ["monitoring", "ff94b231", "stdout"], "values": [{"value": "\rSanity Checking DataLoader 0:   0%|                                                                                                                                                            | 0/2 [00:00<?, ?it/s]", "step": null, "ts": 1719551128.8449876}]}, "version": 43, "at": 1719551128.8450875}
{"obj": {"type": "LogStrings", "path": ["monitoring", "ff94b231", "stdout"], "values": [{"value": "\rSanity Checking DataLoader 0:  50%|\u2588\u2588\u2588\u2588\u2588\u2588\u2588\u2588\u2588\u2588\u2588\u2588\u2588\u2588\u2588\u2588\u2588\u2588\u2588\u2588\u2588\u2588\u2588\u2588\u2588\u2588\u2588\u2588\u2588\u2588\u2588\u2588\u2588\u2588\u2588\u2588\u2588\u2588\u2588\u2588\u2588\u2588\u2588\u2588\u2588\u2588\u2588\u2588\u2588\u2588\u2588\u2588\u2588\u2588\u2588\u2588\u2588\u2588\u2588\u2588\u2588\u2588\u2588\u2588\u2588\u2588\u2588\u2588\u2588\u2588\u2588\u2588\u2588\u2588                                                                          | 1/2 [00:01<00:01,  0.55it/s]", "step": null, "ts": 1719551130.6272674}]}, "version": 44, "at": 1719551130.627371}
{"obj": {"type": "LogStrings", "path": ["monitoring", "ff94b231", "stdout"], "values": [{"value": "\rSanity Checking DataLoader 0: 100%|\u2588\u2588\u2588\u2588\u2588\u2588\u2588\u2588\u2588\u2588\u2588\u2588\u2588\u2588\u2588\u2588\u2588\u2588\u2588\u2588\u2588\u2588\u2588\u2588\u2588\u2588\u2588\u2588\u2588\u2588\u2588\u2588\u2588\u2588\u2588\u2588\u2588\u2588\u2588\u2588\u2588\u2588\u2588\u2588\u2588\u2588\u2588\u2588\u2588\u2588\u2588\u2588\u2588\u2588\u2588\u2588\u2588\u2588\u2588\u2588\u2588\u2588\u2588\u2588\u2588\u2588\u2588\u2588\u2588\u2588\u2588\u2588\u2588\u2588\u2588\u2588\u2588\u2588\u2588\u2588\u2588\u2588\u2588\u2588\u2588\u2588\u2588\u2588\u2588\u2588\u2588\u2588\u2588\u2588\u2588\u2588\u2588\u2588\u2588\u2588\u2588\u2588\u2588\u2588\u2588\u2588\u2588\u2588\u2588\u2588\u2588\u2588\u2588\u2588\u2588\u2588\u2588\u2588\u2588\u2588\u2588\u2588\u2588\u2588\u2588\u2588\u2588\u2588\u2588\u2588\u2588\u2588\u2588\u2588\u2588\u2588\u2588\u2588\u2588\u2588\u2588\u2588\u2588\u2588\u2588\u2588\u2588\u2588| 2/2 [00:02<00:00,  0.96it/s]", "step": null, "ts": 1719551130.9125853}]}, "version": 45, "at": 1719551130.9126394}
{"obj": {"type": "LogFloats", "path": ["monitoring", "ff94b231", "cpu"], "values": [{"value": 41.4, "step": null, "ts": 1719551137.7363963}]}, "version": 46, "at": 1719551137.737655}
{"obj": {"type": "LogFloats", "path": ["monitoring", "ff94b231", "memory"], "values": [{"value": 16.31259536743164, "step": null, "ts": 1719551137.7363963}]}, "version": 47, "at": 1719551137.7398598}
{"obj": {"type": "LogFloats", "path": ["monitoring", "ff94b231", "gpu_memory"], "values": [{"value": 8.13995361328125, "step": null, "ts": 1719551137.7363963}]}, "version": 48, "at": 1719551137.7412915}
{"obj": {"type": "LogFloats", "path": ["monitoring", "ff94b231", "cpu"], "values": [{"value": 39.9, "step": null, "ts": 1719551147.7430148}]}, "version": 49, "at": 1719551147.744367}
{"obj": {"type": "LogFloats", "path": ["monitoring", "ff94b231", "memory"], "values": [{"value": 16.31295394897461, "step": null, "ts": 1719551147.7430148}]}, "version": 50, "at": 1719551147.7478456}
{"obj": {"type": "LogFloats", "path": ["monitoring", "ff94b231", "gpu_memory"], "values": [{"value": 8.13995361328125, "step": null, "ts": 1719551147.7430148}]}, "version": 51, "at": 1719551147.7497802}
{"obj": {"type": "LogFloats", "path": ["monitoring", "ff94b231", "cpu"], "values": [{"value": 39.9, "step": null, "ts": 1719551157.7520359}]}, "version": 52, "at": 1719551157.7536378}
{"obj": {"type": "LogFloats", "path": ["monitoring", "ff94b231", "memory"], "values": [{"value": 16.312904357910156, "step": null, "ts": 1719551157.7520359}]}, "version": 53, "at": 1719551157.7568622}
{"obj": {"type": "LogFloats", "path": ["monitoring", "ff94b231", "gpu_memory"], "values": [{"value": 8.13995361328125, "step": null, "ts": 1719551157.7520359}]}, "version": 54, "at": 1719551157.758499}
{"obj": {"type": "LogFloats", "path": ["monitoring", "ff94b231", "cpu"], "values": [{"value": 39.9, "step": null, "ts": 1719551167.7598891}]}, "version": 55, "at": 1719551167.761367}
{"obj": {"type": "LogFloats", "path": ["monitoring", "ff94b231", "memory"], "values": [{"value": 16.31131362915039, "step": null, "ts": 1719551167.7598891}]}, "version": 56, "at": 1719551167.7639775}
{"obj": {"type": "LogFloats", "path": ["monitoring", "ff94b231", "gpu_memory"], "values": [{"value": 8.13995361328125, "step": null, "ts": 1719551167.7598891}]}, "version": 57, "at": 1719551167.7667027}
{"obj": {"type": "LogFloats", "path": ["monitoring", "ff94b231", "cpu"], "values": [{"value": 39.9, "step": null, "ts": 1719551177.7682614}]}, "version": 58, "at": 1719551177.7698731}
{"obj": {"type": "LogFloats", "path": ["monitoring", "ff94b231", "memory"], "values": [{"value": 16.311370849609375, "step": null, "ts": 1719551177.7682614}]}, "version": 59, "at": 1719551177.7722342}
{"obj": {"type": "LogFloats", "path": ["monitoring", "ff94b231", "gpu_memory"], "values": [{"value": 8.13995361328125, "step": null, "ts": 1719551177.7682614}]}, "version": 60, "at": 1719551177.773821}
{"obj": {"type": "LogFloats", "path": ["monitoring", "ff94b231", "cpu"], "values": [{"value": 39.9, "step": null, "ts": 1719551187.7754633}]}, "version": 61, "at": 1719551187.7776027}
{"obj": {"type": "LogFloats", "path": ["monitoring", "ff94b231", "memory"], "values": [{"value": 16.31139373779297, "step": null, "ts": 1719551187.7754633}]}, "version": 62, "at": 1719551187.7800407}
{"obj": {"type": "LogFloats", "path": ["monitoring", "ff94b231", "gpu_memory"], "values": [{"value": 8.13995361328125, "step": null, "ts": 1719551187.7754633}]}, "version": 63, "at": 1719551187.7819004}
{"obj": {"type": "LogFloats", "path": ["monitoring", "ff94b231", "cpu"], "values": [{"value": 39.9, "step": null, "ts": 1719551197.7843046}]}, "version": 64, "at": 1719551197.7861493}
{"obj": {"type": "LogFloats", "path": ["monitoring", "ff94b231", "memory"], "values": [{"value": 16.311397552490234, "step": null, "ts": 1719551197.7843046}]}, "version": 65, "at": 1719551197.7912827}
{"obj": {"type": "LogFloats", "path": ["monitoring", "ff94b231", "gpu_memory"], "values": [{"value": 8.13995361328125, "step": null, "ts": 1719551197.7843046}]}, "version": 66, "at": 1719551197.7932718}
{"obj": {"type": "LogFloats", "path": ["monitoring", "ff94b231", "cpu"], "values": [{"value": 39.9, "step": null, "ts": 1719551207.7953417}]}, "version": 67, "at": 1719551207.7968209}
{"obj": {"type": "LogFloats", "path": ["monitoring", "ff94b231", "memory"], "values": [{"value": 16.311534881591797, "step": null, "ts": 1719551207.7953417}]}, "version": 68, "at": 1719551207.7991118}
{"obj": {"type": "LogFloats", "path": ["monitoring", "ff94b231", "gpu_memory"], "values": [{"value": 8.13995361328125, "step": null, "ts": 1719551207.7953417}]}, "version": 69, "at": 1719551207.8008132}
{"obj": {"type": "LogFloats", "path": ["monitoring", "ff94b231", "cpu"], "values": [{"value": 39.9, "step": null, "ts": 1719551217.8023348}]}, "version": 70, "at": 1719551217.8038044}
{"obj": {"type": "LogFloats", "path": ["monitoring", "ff94b231", "memory"], "values": [{"value": 16.311500549316406, "step": null, "ts": 1719551217.8023348}]}, "version": 71, "at": 1719551217.8060582}
{"obj": {"type": "LogFloats", "path": ["monitoring", "ff94b231", "gpu_memory"], "values": [{"value": 8.13995361328125, "step": null, "ts": 1719551217.8023348}]}, "version": 72, "at": 1719551217.8073862}
{"obj": {"type": "LogFloats", "path": ["monitoring", "ff94b231", "cpu"], "values": [{"value": 39.9, "step": null, "ts": 1719551227.808858}]}, "version": 73, "at": 1719551227.8103726}
{"obj": {"type": "LogFloats", "path": ["monitoring", "ff94b231", "memory"], "values": [{"value": 16.311473846435547, "step": null, "ts": 1719551227.808858}]}, "version": 74, "at": 1719551227.8128333}
{"obj": {"type": "LogFloats", "path": ["monitoring", "ff94b231", "gpu_memory"], "values": [{"value": 8.13995361328125, "step": null, "ts": 1719551227.808858}]}, "version": 75, "at": 1719551227.814181}
{"obj": {"type": "LogFloats", "path": ["monitoring", "ff94b231", "cpu"], "values": [{"value": 39.9, "step": null, "ts": 1719551237.8156657}]}, "version": 76, "at": 1719551237.8173542}
{"obj": {"type": "LogFloats", "path": ["monitoring", "ff94b231", "memory"], "values": [{"value": 16.3126220703125, "step": null, "ts": 1719551237.8156657}]}, "version": 77, "at": 1719551237.8197162}
{"obj": {"type": "LogFloats", "path": ["monitoring", "ff94b231", "gpu_memory"], "values": [{"value": 8.13995361328125, "step": null, "ts": 1719551237.8156657}]}, "version": 78, "at": 1719551237.8211286}
{"obj": {"type": "LogFloats", "path": ["monitoring", "ff94b231", "cpu"], "values": [{"value": 39.9, "step": null, "ts": 1719551247.8224368}]}, "version": 79, "at": 1719551247.8239276}
{"obj": {"type": "LogFloats", "path": ["monitoring", "ff94b231", "memory"], "values": [{"value": 16.311538696289062, "step": null, "ts": 1719551247.8224368}]}, "version": 80, "at": 1719551247.8267896}
{"obj": {"type": "LogFloats", "path": ["monitoring", "ff94b231", "gpu_memory"], "values": [{"value": 8.13995361328125, "step": null, "ts": 1719551247.8224368}]}, "version": 81, "at": 1719551247.8282168}
{"obj": {"type": "LogFloats", "path": ["monitoring", "ff94b231", "cpu"], "values": [{"value": 39.9, "step": null, "ts": 1719551257.8297138}]}, "version": 82, "at": 1719551257.8317056}
{"obj": {"type": "LogFloats", "path": ["monitoring", "ff94b231", "memory"], "values": [{"value": 16.311492919921875, "step": null, "ts": 1719551257.8297138}]}, "version": 83, "at": 1719551257.8342292}
{"obj": {"type": "LogFloats", "path": ["monitoring", "ff94b231", "gpu_memory"], "values": [{"value": 8.13995361328125, "step": null, "ts": 1719551257.8297138}]}, "version": 84, "at": 1719551257.8359094}
{"obj": {"type": "LogFloats", "path": ["monitoring", "ff94b231", "cpu"], "values": [{"value": 39.9, "step": null, "ts": 1719551267.8376024}]}, "version": 85, "at": 1719551267.839076}
{"obj": {"type": "LogFloats", "path": ["monitoring", "ff94b231", "memory"], "values": [{"value": 16.31155014038086, "step": null, "ts": 1719551267.8376024}]}, "version": 86, "at": 1719551267.8414676}
{"obj": {"type": "LogFloats", "path": ["monitoring", "ff94b231", "gpu_memory"], "values": [{"value": 8.13995361328125, "step": null, "ts": 1719551267.8376024}]}, "version": 87, "at": 1719551267.8430274}
{"obj": {"type": "LogFloats", "path": ["monitoring", "ff94b231", "cpu"], "values": [{"value": 39.9, "step": null, "ts": 1719551277.8446503}]}, "version": 88, "at": 1719551277.846052}
{"obj": {"type": "LogFloats", "path": ["monitoring", "ff94b231", "memory"], "values": [{"value": 16.31155014038086, "step": null, "ts": 1719551277.8446503}]}, "version": 89, "at": 1719551277.8494215}
{"obj": {"type": "LogFloats", "path": ["monitoring", "ff94b231", "gpu_memory"], "values": [{"value": 8.13995361328125, "step": null, "ts": 1719551277.8446503}]}, "version": 90, "at": 1719551277.8510294}
{"obj": {"type": "LogFloats", "path": ["monitoring", "ff94b231", "cpu"], "values": [{"value": 39.9, "step": null, "ts": 1719551287.8526669}]}, "version": 91, "at": 1719551287.8540897}
{"obj": {"type": "LogFloats", "path": ["monitoring", "ff94b231", "memory"], "values": [{"value": 16.31155776977539, "step": null, "ts": 1719551287.8526669}]}, "version": 92, "at": 1719551287.856332}
{"obj": {"type": "LogFloats", "path": ["monitoring", "ff94b231", "gpu_memory"], "values": [{"value": 8.13995361328125, "step": null, "ts": 1719551287.8526669}]}, "version": 93, "at": 1719551287.857809}
{"obj": {"type": "LogFloats", "path": ["monitoring", "ff94b231", "cpu"], "values": [{"value": 39.9, "step": null, "ts": 1719551297.8593907}]}, "version": 94, "at": 1719551297.8608596}
{"obj": {"type": "LogFloats", "path": ["monitoring", "ff94b231", "memory"], "values": [{"value": 16.31155776977539, "step": null, "ts": 1719551297.8593907}]}, "version": 95, "at": 1719551297.8636851}
{"obj": {"type": "LogFloats", "path": ["monitoring", "ff94b231", "gpu_memory"], "values": [{"value": 8.13995361328125, "step": null, "ts": 1719551297.8593907}]}, "version": 96, "at": 1719551297.8654356}
